Build started 13/04/2014 8:00:42 PM.
     1>Project "C:\Users\pad\Documents\ShuffleBoard\MeshEntityDemo\MeshEntityDemo\MeshEntityDemo.vcxproj" on node 2 (Build target(s)).
       Project file contains ToolsVersion="12.0". This toolset may be unknown or missing, in which case you may be able to resolve this by installing the appropriate version of MSBuild, or the build may have been forced to a particular ToolsVersion for policy reasons. Treating the project as if it had ToolsVersion="4.0". For more information, please see http://go.microsoft.com/fwlink/?LinkId=291333.
     1>ClCompile:
         C:\Program Files\Microsoft Visual Studio 11.0\VC\bin\CL.exe /c /ZI /nologo /W3 /WX- /Od /Oy- /D WIN32 /D _DEBUG /D _WINDOWS /D _UNICODE /D UNICODE /Gm /EHsc /RTC1 /MTd /GS /fp:precise /Zc:wchar_t /Zc:forScope /Fo"Debug\\" /Fd"Debug\vc110.pdb" /Gd /TP /analyze- /errorReport:prompt ..\main.cpp GameObject.cpp
         GameObject.cpp
         main.cpp
     1>c:\users\pad\documents\shuffleboard\meshentitydemo\main.cpp(32): warning C4244: 'return' : conversion from 'time_t' to 'int', possible loss of data
     1>c:\users\pad\documents\shuffleboard\meshentitydemo\main.cpp(40): warning C4244: '=' : conversion from 'double' to 'float', possible loss of data
     1>c:\users\pad\documents\shuffleboard\meshentitydemo\main.cpp(41): warning C4244: '=' : conversion from 'double' to 'float', possible loss of data
     1>c:\users\pad\documents\shuffleboard\meshentitydemo\main.cpp(42): warning C4244: '=' : conversion from 'double' to 'float', possible loss of data
     1>c:\users\pad\documents\shuffleboard\meshentitydemo\main.cpp(52): warning C4305: 'argument' : truncation from 'double' to 'const btScalar'
     1>c:\users\pad\documents\shuffleboard\meshentitydemo\main.cpp(78): error C2143: syntax error : missing ';' before '<<'
     1>c:\users\pad\documents\shuffleboard\meshentitydemo\main.cpp(81): error C2143: syntax error : missing ';' before '=='
     1>c:\users\pad\documents\shuffleboard\meshentitydemo\main.cpp(84): error C2143: syntax error : missing ';' before '>>'
     1>c:\users\pad\documents\shuffleboard\meshentitydemo\main.cpp(84): error C2021: expected exponent value, not 'c'
     1>c:\users\pad\documents\shuffleboard\meshentitydemo\main.cpp(84): error C2059: syntax error : 'bad suffix on number'
     1>c:\users\pad\documents\shuffleboard\meshentitydemo\main.cpp(145): warning C4244: 'argument' : conversion from 'DWORD' to 'float', possible loss of data
     1>c:\users\pad\documents\shuffleboard\meshentitydemo\main.cpp(149): warning C4244: 'argument' : conversion from 'double' to 'float', possible loss of data
     1>c:\users\pad\documents\shuffleboard\meshentitydemo\main.cpp(150): warning C4244: 'argument' : conversion from 'double' to 'float', possible loss of data
         Generating Code...
     1>Done Building Project "C:\Users\pad\Documents\ShuffleBoard\MeshEntityDemo\MeshEntityDemo\MeshEntityDemo.vcxproj" (Build target(s)) -- FAILED.

Build FAILED.

Time Elapsed 00:00:29.42
